\BOOKMARK [0][]{Cover.0}{Cover}{}% 1
\BOOKMARK [0][]{Titlepage.0}{Titlepage}{}% 2
\BOOKMARK [0][]{chapter.1}{1 Einleitung}{}% 3
\BOOKMARK [1][]{section*.2}{1.1 Motivation}{chapter.1}% 4
\BOOKMARK [1][]{section*.3}{1.2 Zielstellung und Abgrenzung der Arbeit}{chapter.1}% 5
\BOOKMARK [1][]{section*.4}{1.3 Untersuchungsgegenstand}{chapter.1}% 6
\BOOKMARK [2][]{section*.5}{1.3.1 Forschungsfrage}{section*.4}% 7
\BOOKMARK [2][]{section*.6}{1.3.2 Hypothesen}{section*.4}% 8
\BOOKMARK [0][]{chapter.2}{2 Theorie/Begriffsbestimmung}{}% 9
\BOOKMARK [1][]{section*.8}{2.1 Native Apps}{chapter.2}% 10
\BOOKMARK [2][]{section*.9}{2.1.1 Vorteile}{section*.8}% 11
\BOOKMARK [2][]{section*.10}{2.1.2 Nachteile}{section*.8}% 12
\BOOKMARK [1][]{section*.11}{2.2 Webapps}{chapter.2}% 13
\BOOKMARK [2][]{section*.12}{2.2.1 Vorteile}{section*.11}% 14
\BOOKMARK [2][]{section*.13}{2.2.2 Nachteile}{section*.11}% 15
\BOOKMARK [1][]{section*.14}{2.3 Hybridapps}{chapter.2}% 16
\BOOKMARK [2][]{section*.15}{2.3.1 Vorteile}{section*.14}% 17
\BOOKMARK [2][]{section*.16}{2.3.2 Nachteile}{section*.14}% 18
\BOOKMARK [1][]{section*.17}{2.4 Wahl der Appvariante}{chapter.2}% 19
\BOOKMARK [0][]{chapter.3}{3 Synchronisation}{}% 20
\BOOKMARK [1][]{section*.22}{3.1 Datenbanksynchronisation}{chapter.3}% 21
\BOOKMARK [2][]{section*.23}{3.1.1 WebSqlSync}{section*.22}% 22
\BOOKMARK [2][]{section*.24}{3.1.2 persistence.js}{section*.22}% 23
\BOOKMARK [1][]{section*.25}{3.2 Assetsynchronisation}{chapter.3}% 24
\BOOKMARK [0][]{chapter.4}{4 Fazit}{}% 25
\BOOKMARK [1][]{section*.27}{4.1 System Section 1}{chapter.4}% 26
\BOOKMARK [1][]{section*.28}{4.2 System Section 2}{chapter.4}% 27
\BOOKMARK [1][]{section*.29}{4.3 Ausblick}{chapter.4}% 28
\BOOKMARK [0][]{section*.31}{Literatur}{}% 29
\BOOKMARK [0][]{Selbstst\IeC {\"a}ndigkeitserkl\IeC {\"a}rung.0}{Selbstst\344ndigkeitserkl\344rung}{}% 30
